c:\cpp\visual studio\gabb\gabb\release\vc141.pdb
c:\cpp\visual studio\gabb\gabb\release\.netframework,version=v4.5.assemblyattributes.obj
c:\cpp\visual studio\gabb\gabb\release\.netframework,version=v4.5.assemblyattributes.asm
c:\cpp\visual studio\gabb\gabb\release\form1.obj
c:\cpp\visual studio\gabb\gabb\release\gabb.form1.resources
c:\cpp\visual studio\gabb\release\gabb.exe
c:\cpp\visual studio\gabb\release\gabb.pdb
c:\cpp\visual studio\gabb\gabb\release\gabb.res
c:\cpp\visual studio\gabb\gabb\release\gabb.vcxproj.generateresource.cache
c:\cpp\visual studio\gabb\gabb\release\gabb.vcxprojassemblyreference.cache
c:\cpp\visual studio\gabb\gabb\release\gabb.tlog\cl.command.1.tlog
c:\cpp\visual studio\gabb\gabb\release\gabb.tlog\cl.read.1.tlog
c:\cpp\visual studio\gabb\gabb\release\gabb.tlog\cl.write.1.tlog
c:\cpp\visual studio\gabb\gabb\release\gabb.tlog\gabb.write.1u.tlog
c:\cpp\visual studio\gabb\gabb\release\gabb.tlog\link.command.1.tlog
c:\cpp\visual studio\gabb\gabb\release\gabb.tlog\link.read.1.tlog
c:\cpp\visual studio\gabb\gabb\release\gabb.tlog\link.write.1.tlog
c:\cpp\visual studio\gabb\gabb\release\gabb.tlog\metagen.read.1.tlog
c:\cpp\visual studio\gabb\gabb\release\gabb.tlog\metagen.write.1.tlog
c:\cpp\visual studio\gabb\gabb\release\gabb.tlog\rc.command.1.tlog
c:\cpp\visual studio\gabb\gabb\release\gabb.tlog\rc.read.1.tlog
c:\cpp\visual studio\gabb\gabb\release\gabb.tlog\rc.write.1.tlog
